{"D:\\Nastya\\React-2024-Q3\\react-rsschool\\src\\App.tsx": {"path":"D:\\Nastya\\React-2024-Q3\\react-rsschool\\src\\App.tsx","statementMap":{"0":{"start":{"line":1,"column":0},"end":{"line":1,"column":19}},"1":{"start":{"line":2,"column":0},"end":{"line":2,"column":64}},"2":{"start":{"line":3,"column":0},"end":{"line":3,"column":54}},"3":{"start":{"line":4,"column":0},"end":{"line":4,"column":62}},"4":{"start":{"line":5,"column":0},"end":{"line":5,"column":53}},"5":{"start":{"line":6,"column":0},"end":{"line":6,"column":59}},"6":{"start":{"line":9,"column":2},"end":{"line":20,"column":4}},"7":{"start":{"line":23,"column":0},"end":{"line":23,"column":19}}},"fnMap":{"0":{"name":"App","decl":{"start":{"line":8,"column":9},"end":{"line":8,"column":12}},"loc":{"start":{"line":8,"column":12},"end":{"line":21,"column":1}}}},"branchMap":{},"s":{"0":1,"1":1,"2":1,"3":1,"4":1,"5":1,"6":3,"7":1},"f":{"0":3},"b":{}}
,"D:\\Nastya\\React-2024-Q3\\react-rsschool\\src\\main.tsx": {"path":"D:\\Nastya\\React-2024-Q3\\react-rsschool\\src\\main.tsx","statementMap":{"0":{"start":{"line":1,"column":0},"end":{"line":1,"column":40}},"1":{"start":{"line":2,"column":0},"end":{"line":2,"column":24}},"2":{"start":{"line":3,"column":0},"end":{"line":3,"column":21}},"3":{"start":{"line":4,"column":0},"end":{"line":4,"column":59}},"4":{"start":{"line":5,"column":0},"end":{"line":5,"column":38}},"5":{"start":{"line":6,"column":0},"end":{"line":6,"column":39}},"6":{"start":{"line":8,"column":0},"end":{"line":14,"column":2}}},"fnMap":{},"branchMap":{},"s":{"0":0,"1":0,"2":0,"3":0,"4":0,"5":0,"6":0},"f":{},"b":{}}
,"D:\\Nastya\\React-2024-Q3\\react-rsschool\\src\\components\\NotFoundPage.tsx": {"path":"D:\\Nastya\\React-2024-Q3\\react-rsschool\\src\\components\\NotFoundPage.tsx","statementMap":{"0":{"start":{"line":1,"column":0},"end":{"line":1,"column":47}},"1":{"start":{"line":4,"column":19},"end":{"line":4,"column":32}},"2":{"start":{"line":5,"column":2},"end":{"line":18,"column":4}},"3":{"start":{"line":12,"column":25},"end":{"line":12,"column":38}},"4":{"start":{"line":21,"column":0},"end":{"line":21,"column":28}}},"fnMap":{"0":{"name":"NotFoundPage","decl":{"start":{"line":3,"column":9},"end":{"line":3,"column":21}},"loc":{"start":{"line":3,"column":21},"end":{"line":19,"column":1}}},"1":{"name":"(anonymous_1)","decl":{"start":{"line":12,"column":19},"end":{"line":12,"column":22}},"loc":{"start":{"line":12,"column":25},"end":{"line":12,"column":38}}}},"branchMap":{},"s":{"0":2,"1":2,"2":2,"3":1,"4":2},"f":{"0":2,"1":1},"b":{}}
,"D:\\Nastya\\React-2024-Q3\\react-rsschool\\src\\components\\detailedPage.tsx": {"path":"D:\\Nastya\\React-2024-Q3\\react-rsschool\\src\\components\\detailedPage.tsx","statementMap":{"0":{"start":{"line":2,"column":0},"end":{"line":2,"column":34}},"1":{"start":{"line":4,"column":0},"end":{"line":4,"column":58}},"2":{"start":{"line":5,"column":0},"end":{"line":5,"column":35}},"3":{"start":{"line":6,"column":0},"end":{"line":6,"column":41}},"4":{"start":{"line":7,"column":0},"end":{"line":7,"column":47}},"5":{"start":{"line":10,"column":17},"end":{"line":10,"column":44}},"6":{"start":{"line":11,"column":19},"end":{"line":11,"column":32}},"7":{"start":{"line":12,"column":16},"end":{"line":12,"column":56}},"8":{"start":{"line":13,"column":33},"end":{"line":14,"column":null}},"9":{"start":{"line":17,"column":37},"end":{"line":17,"column":59}},"10":{"start":{"line":19,"column":2},"end":{"line":23,"column":24}},"11":{"start":{"line":20,"column":16},"end":{"line":20,"column":58}},"12":{"start":{"line":21,"column":4},"end":{"line":21,"column":42}},"13":{"start":{"line":22,"column":4},"end":{"line":22,"column":23}},"14":{"start":{"line":25,"column":27},"end":{"line":27,"column":3}},"15":{"start":{"line":26,"column":4},"end":{"line":26,"column":62}},"16":{"start":{"line":29,"column":2},"end":{"line":109,"column":4}},"17":{"start":{"line":58,"column":16},"end":{"line":58,"column":45}},"18":{"start":{"line":64,"column":16},"end":{"line":64,"column":43}},"19":{"start":{"line":70,"column":16},"end":{"line":70,"column":54}},"20":{"start":{"line":112,"column":0},"end":{"line":112,"column":37}}},"fnMap":{"0":{"name":"DetailedPageComponent","decl":{"start":{"line":9,"column":9},"end":{"line":9,"column":30}},"loc":{"start":{"line":9,"column":30},"end":{"line":110,"column":1}}},"1":{"name":"(anonymous_1)","decl":{"start":{"line":19,"column":12},"end":{"line":19,"column":15}},"loc":{"start":{"line":19,"column":17},"end":{"line":23,"column":3}}},"2":{"name":"(anonymous_2)","decl":{"start":{"line":25,"column":27},"end":{"line":25,"column":30}},"loc":{"start":{"line":25,"column":32},"end":{"line":27,"column":3}}},"3":{"name":"(anonymous_3)","decl":{"start":{"line":57,"column":31},"end":{"line":57,"column":32}},"loc":{"start":{"line":58,"column":16},"end":{"line":58,"column":45}}},"4":{"name":"(anonymous_4)","decl":{"start":{"line":63,"column":31},"end":{"line":63,"column":32}},"loc":{"start":{"line":64,"column":16},"end":{"line":64,"column":43}}},"5":{"name":"(anonymous_5)","decl":{"start":{"line":69,"column":35},"end":{"line":69,"column":36}},"loc":{"start":{"line":70,"column":16},"end":{"line":70,"column":54}}}},"branchMap":{"0":{"loc":{"start":{"line":31,"column":7},"end":{"line":106,"column":null}},"type":"cond-expr","locations":[{"start":{"line":32,"column":8},"end":{"line":32,"column":48}},{"start":{"line":34,"column":8},"end":{"line":34,"column":28}}]},"1":{"loc":{"start":{"line":80,"column":26},"end":{"line":80,"column":72}},"type":"cond-expr","locations":[{"start":{"line":80,"column":45},"end":{"line":80,"column":47}},{"start":{"line":80,"column":45},"end":{"line":80,"column":72}}]},"2":{"loc":{"start":{"line":80,"column":26},"end":{"line":80,"column":47}},"type":"binary-expr","locations":[{"start":{"line":80,"column":26},"end":{"line":80,"column":47}},{"start":{"line":80,"column":45},"end":{"line":80,"column":47}}]},"3":{"loc":{"start":{"line":90,"column":26},"end":{"line":90,"column":65}},"type":"cond-expr","locations":[{"start":{"line":90,"column":45},"end":{"line":90,"column":47}},{"start":{"line":90,"column":45},"end":{"line":90,"column":65}}]},"4":{"loc":{"start":{"line":90,"column":26},"end":{"line":90,"column":47}},"type":"binary-expr","locations":[{"start":{"line":90,"column":26},"end":{"line":90,"column":47}},{"start":{"line":90,"column":45},"end":{"line":90,"column":47}}]},"5":{"loc":{"start":{"line":100,"column":26},"end":{"line":100,"column":69}},"type":"cond-expr","locations":[{"start":{"line":100,"column":45},"end":{"line":100,"column":47}},{"start":{"line":100,"column":45},"end":{"line":100,"column":69}}]},"6":{"loc":{"start":{"line":100,"column":26},"end":{"line":100,"column":47}},"type":"binary-expr","locations":[{"start":{"line":100,"column":26},"end":{"line":100,"column":47}},{"start":{"line":100,"column":45},"end":{"line":100,"column":47}}]}},"s":{"0":2,"1":2,"2":2,"3":2,"4":2,"5":1,"6":1,"7":1,"8":1,"9":1,"10":1,"11":1,"12":1,"13":1,"14":1,"15":0,"16":1,"17":0,"18":0,"19":0,"20":2},"f":{"0":1,"1":1,"2":0,"3":0,"4":0,"5":0},"b":{"0":[1,0],"1":[0,0],"2":[0,0],"3":[0,0],"4":[0,0],"5":[0,0],"6":[0,0]}}
,"D:\\Nastya\\React-2024-Q3\\react-rsschool\\src\\components\\errorBoundary.tsx": {"path":"D:\\Nastya\\React-2024-Q3\\react-rsschool\\src\\components\\errorBoundary.tsx","statementMap":{"0":{"start":{"line":1,"column":0},"end":{"line":1,"column":41}},"1":{"start":{"line":9,"column":4},"end":{"line":9,"column":17}},"2":{"start":{"line":10,"column":4},"end":{"line":10,"column":37}},"3":{"start":{"line":14,"column":4},"end":{"line":14,"column":35}},"4":{"start":{"line":15,"column":4},"end":{"line":15,"column":44}},"5":{"start":{"line":19,"column":4},"end":{"line":19,"column":31}},"6":{"start":{"line":20,"column":4},"end":{"line":20,"column":30}},"7":{"start":{"line":24,"column":4},"end":{"line":24,"column":47}},"8":{"start":{"line":28,"column":4},"end":{"line":41,"column":5}},"9":{"start":{"line":29,"column":6},"end":{"line":40,"column":8}},"10":{"start":{"line":35,"column":27},"end":{"line":35,"column":61}},"11":{"start":{"line":42,"column":4},"end":{"line":42,"column":31}},"12":{"start":{"line":4,"column":0},"end":{"line":4,"column":13}}},"fnMap":{"0":{"name":"(anonymous_1)","decl":{"start":{"line":8,"column":2},"end":{"line":8,"column":14}},"loc":{"start":{"line":8,"column":44},"end":{"line":11,"column":3}}},"1":{"name":"(anonymous_2)","decl":{"start":{"line":13,"column":2},"end":{"line":13,"column":21}},"loc":{"start":{"line":13,"column":56},"end":{"line":16,"column":3}}},"2":{"name":"(anonymous_3)","decl":{"start":{"line":18,"column":2},"end":{"line":18,"column":8}},"loc":{"start":{"line":18,"column":46},"end":{"line":21,"column":3}}},"3":{"name":"(anonymous_4)","decl":{"start":{"line":23,"column":2},"end":{"line":23,"column":19}},"loc":{"start":{"line":23,"column":54},"end":{"line":25,"column":3}}},"4":{"name":"(anonymous_5)","decl":{"start":{"line":27,"column":2},"end":{"line":27,"column":8}},"loc":{"start":{"line":27,"column":8},"end":{"line":43,"column":3}}},"5":{"name":"(anonymous_6)","decl":{"start":{"line":35,"column":21},"end":{"line":35,"column":24}},"loc":{"start":{"line":35,"column":27},"end":{"line":35,"column":61}}}},"branchMap":{"0":{"loc":{"start":{"line":28,"column":4},"end":{"line":41,"column":5}},"type":"if","locations":[{"start":{"line":28,"column":4},"end":{"line":41,"column":5}}]}},"s":{"0":1,"1":4,"2":3,"3":1,"4":1,"5":2,"6":2,"7":1,"8":5,"9":2,"10":0,"11":3,"12":1},"f":{"0":4,"1":1,"2":2,"3":1,"4":5,"5":0},"b":{"0":[2]}}
,"D:\\Nastya\\React-2024-Q3\\react-rsschool\\src\\components\\flyoutElement.tsx": {"path":"D:\\Nastya\\React-2024-Q3\\react-rsschool\\src\\components\\flyoutElement.tsx","statementMap":{"0":{"start":{"line":1,"column":0},"end":{"line":1,"column":55}},"1":{"start":{"line":3,"column":0},"end":{"line":3,"column":59}},"2":{"start":{"line":4,"column":0},"end":{"line":4,"column":36}},"3":{"start":{"line":6,"column":24},"end":{"line":47,"column":1}},"4":{"start":{"line":7,"column":30},"end":{"line":8,"column":null}},"5":{"start":{"line":8,"column":26},"end":{"line":8,"column":61}},"6":{"start":{"line":10,"column":19},"end":{"line":10,"column":32}},"7":{"start":{"line":11,"column":32},"end":{"line":13,"column":3}},"8":{"start":{"line":12,"column":4},"end":{"line":12,"column":35}},"9":{"start":{"line":15,"column":30},"end":{"line":32,"column":3}},"10":{"start":{"line":16,"column":21},"end":{"line":16,"column":65}},"11":{"start":{"line":17,"column":20},"end":{"line":17,"column":64}},"12":{"start":{"line":18,"column":4},"end":{"line":28,"column":5}},"13":{"start":{"line":19,"column":6},"end":{"line":27,"column":9}},"14":{"start":{"line":23,"column":23},"end":{"line":23,"column":38}},"15":{"start":{"line":29,"column":20},"end":{"line":29,"column":66}},"16":{"start":{"line":29,"column":41},"end":{"line":29,"column":54}},"17":{"start":{"line":30,"column":17},"end":{"line":30,"column":72}},"18":{"start":{"line":31,"column":4},"end":{"line":31,"column":27}},"19":{"start":{"line":34,"column":2},"end":{"line":46,"column":4}},"20":{"start":{"line":49,"column":0},"end":{"line":49,"column":31}}},"fnMap":{"0":{"name":"(anonymous_0)","decl":{"start":{"line":6,"column":24},"end":{"line":6,"column":27}},"loc":{"start":{"line":6,"column":29},"end":{"line":47,"column":1}}},"1":{"name":"(anonymous_1)","decl":{"start":{"line":8,"column":4},"end":{"line":8,"column":5}},"loc":{"start":{"line":8,"column":26},"end":{"line":8,"column":61}}},"2":{"name":"(anonymous_2)","decl":{"start":{"line":11,"column":32},"end":{"line":11,"column":35}},"loc":{"start":{"line":11,"column":37},"end":{"line":13,"column":3}}},"3":{"name":"(anonymous_3)","decl":{"start":{"line":15,"column":30},"end":{"line":15,"column":33}},"loc":{"start":{"line":15,"column":35},"end":{"line":32,"column":3}}},"4":{"name":"(anonymous_4)","decl":{"start":{"line":23,"column":15},"end":{"line":23,"column":16}},"loc":{"start":{"line":23,"column":23},"end":{"line":23,"column":38}}},"5":{"name":"(anonymous_5)","decl":{"start":{"line":29,"column":32},"end":{"line":29,"column":33}},"loc":{"start":{"line":29,"column":41},"end":{"line":29,"column":54}}}},"branchMap":{},"s":{"0":3,"1":3,"2":3,"3":3,"4":3,"5":6,"6":3,"7":3,"8":1,"9":3,"10":1,"11":1,"12":1,"13":2,"14":2,"15":1,"16":3,"17":1,"18":1,"19":3,"20":3},"f":{"0":3,"1":6,"2":1,"3":1,"4":2,"5":3},"b":{}}
,"D:\\Nastya\\React-2024-Q3\\react-rsschool\\src\\components\\mainPage.tsx": {"path":"D:\\Nastya\\React-2024-Q3\\react-rsschool\\src\\components\\mainPage.tsx","statementMap":{"0":{"start":{"line":1,"column":0},"end":{"line":1,"column":56}},"1":{"start":{"line":2,"column":0},"end":{"line":2,"column":39}},"2":{"start":{"line":3,"column":0},"end":{"line":3,"column":47}},"3":{"start":{"line":4,"column":0},"end":{"line":4,"column":42}},"4":{"start":{"line":5,"column":0},"end":{"line":5,"column":50}},"5":{"start":{"line":6,"column":0},"end":{"line":6,"column":46}},"6":{"start":{"line":7,"column":0},"end":{"line":7,"column":47}},"7":{"start":{"line":8,"column":0},"end":{"line":8,"column":47}},"8":{"start":{"line":11,"column":33},"end":{"line":11,"column":57}},"9":{"start":{"line":12,"column":28},"end":{"line":14,"column":4}},"10":{"start":{"line":15,"column":23},"end":{"line":16,"column":null}},"11":{"start":{"line":16,"column":26},"end":{"line":16,"column":55}},"12":{"start":{"line":19,"column":30},"end":{"line":20,"column":null}},"13":{"start":{"line":20,"column":26},"end":{"line":20,"column":61}},"14":{"start":{"line":23,"column":19},"end":{"line":23,"column":32}},"15":{"start":{"line":24,"column":21},"end":{"line":26,"column":3}},"16":{"start":{"line":25,"column":4},"end":{"line":25,"column":36}},"17":{"start":{"line":27,"column":2},"end":{"line":29,"column":3}},"18":{"start":{"line":28,"column":4},"end":{"line":28,"column":44}},"19":{"start":{"line":31,"column":38},"end":{"line":31,"column":53}},"20":{"start":{"line":33,"column":2},"end":{"line":44,"column":9}},"21":{"start":{"line":35,"column":24},"end":{"line":41,"column":6}},"22":{"start":{"line":36,"column":20},"end":{"line":36,"column":49}},"23":{"start":{"line":37,"column":6},"end":{"line":40,"column":7}},"24":{"start":{"line":38,"column":8},"end":{"line":38,"column":28}},"25":{"start":{"line":39,"column":8},"end":{"line":39,"column":22}},"26":{"start":{"line":43,"column":4},"end":{"line":43,"column":23}},"27":{"start":{"line":46,"column":2},"end":{"line":48,"column":3}},"28":{"start":{"line":47,"column":4},"end":{"line":47,"column":33}},"29":{"start":{"line":52,"column":27},"end":{"line":65,"column":3}},"30":{"start":{"line":53,"column":4},"end":{"line":53,"column":27}},"31":{"start":{"line":54,"column":19},"end":{"line":54,"column":46}},"32":{"start":{"line":55,"column":4},"end":{"line":64,"column":5}},"33":{"start":{"line":61,"column":6},"end":{"line":61,"column":60}},"34":{"start":{"line":63,"column":6},"end":{"line":63,"column":13}},"35":{"start":{"line":67,"column":2},"end":{"line":96,"column":4}},"36":{"start":{"line":99,"column":0},"end":{"line":99,"column":33}}},"fnMap":{"0":{"name":"MainPageComponent","decl":{"start":{"line":10,"column":9},"end":{"line":10,"column":26}},"loc":{"start":{"line":10,"column":26},"end":{"line":97,"column":1}}},"1":{"name":"(anonymous_2)","decl":{"start":{"line":16,"column":4},"end":{"line":16,"column":5}},"loc":{"start":{"line":16,"column":26},"end":{"line":16,"column":55}}},"2":{"name":"(anonymous_3)","decl":{"start":{"line":20,"column":4},"end":{"line":20,"column":5}},"loc":{"start":{"line":20,"column":26},"end":{"line":20,"column":61}}},"3":{"name":"(anonymous_4)","decl":{"start":{"line":24,"column":21},"end":{"line":24,"column":24}},"loc":{"start":{"line":24,"column":26},"end":{"line":26,"column":3}}},"4":{"name":"(anonymous_5)","decl":{"start":{"line":33,"column":12},"end":{"line":33,"column":15}},"loc":{"start":{"line":33,"column":17},"end":{"line":44,"column":3}}},"5":{"name":"(anonymous_6)","decl":{"start":{"line":35,"column":40},"end":{"line":35,"column":43}},"loc":{"start":{"line":35,"column":45},"end":{"line":41,"column":5}}},"6":{"name":"(anonymous_7)","decl":{"start":{"line":52,"column":27},"end":{"line":52,"column":28}},"loc":{"start":{"line":52,"column":71},"end":{"line":65,"column":3}}}},"branchMap":{"0":{"loc":{"start":{"line":27,"column":2},"end":{"line":29,"column":3}},"type":"if","locations":[{"start":{"line":27,"column":2},"end":{"line":29,"column":3}}]},"1":{"loc":{"start":{"line":37,"column":6},"end":{"line":40,"column":7}},"type":"if","locations":[{"start":{"line":37,"column":6},"end":{"line":40,"column":7}}]},"2":{"loc":{"start":{"line":46,"column":2},"end":{"line":48,"column":3}},"type":"if","locations":[{"start":{"line":46,"column":2},"end":{"line":48,"column":3}}]},"3":{"loc":{"start":{"line":55,"column":4},"end":{"line":64,"column":5}},"type":"if","locations":[{"start":{"line":55,"column":4},"end":{"line":64,"column":5}},{"start":{"line":62,"column":11},"end":{"line":64,"column":5}}]},"4":{"loc":{"start":{"line":56,"column":6},"end":{"line":59,"column":41}},"type":"binary-expr","locations":[{"start":{"line":56,"column":6},"end":{"line":56,"column":39}},{"start":{"line":57,"column":6},"end":{"line":57,"column":49}},{"start":{"line":58,"column":6},"end":{"line":58,"column":41}},{"start":{"line":59,"column":6},"end":{"line":59,"column":41}}]},"5":{"loc":{"start":{"line":73,"column":20},"end":{"line":73,"column":56}},"type":"cond-expr","locations":[{"start":{"line":73,"column":40},"end":{"line":73,"column":46}},{"start":{"line":73,"column":49},"end":{"line":73,"column":56}}]},"6":{"loc":{"start":{"line":82,"column":9},"end":{"line":82,"column":70}},"type":"cond-expr","locations":[{"start":{"line":82,"column":44},"end":{"line":82,"column":63}},{"start":{"line":82,"column":66},"end":{"line":82,"column":70}}]}},"s":{"0":2,"1":2,"2":2,"3":2,"4":2,"5":2,"6":2,"7":2,"8":6,"9":6,"10":6,"11":12,"12":6,"13":12,"14":6,"15":6,"16":0,"17":6,"18":0,"19":6,"20":6,"21":6,"22":0,"23":0,"24":0,"25":0,"26":6,"27":6,"28":6,"29":0,"30":0,"31":0,"32":0,"33":0,"34":0,"35":0,"36":2},"f":{"0":6,"1":12,"2":12,"3":0,"4":6,"5":0,"6":0},"b":{"0":[0],"1":[0],"2":[6],"3":[0,0],"4":[0,0,0,0],"5":[0,0],"6":[0,0]}}
,"D:\\Nastya\\React-2024-Q3\\react-rsschool\\src\\components\\pokemosListPage.tsx": {"path":"D:\\Nastya\\React-2024-Q3\\react-rsschool\\src\\components\\pokemosListPage.tsx","statementMap":{"0":{"start":{"line":1,"column":0},"end":{"line":1,"column":53}},"1":{"start":{"line":3,"column":0},"end":{"line":3,"column":55}},"2":{"start":{"line":4,"column":0},"end":{"line":4,"column":78}},"3":{"start":{"line":6,"column":0},"end":{"line":6,"column":51}},"4":{"start":{"line":13,"column":30},"end":{"line":14,"column":null}},"5":{"start":{"line":14,"column":26},"end":{"line":14,"column":61}},"6":{"start":{"line":16,"column":58},"end":{"line":18,"column":7}},"7":{"start":{"line":20,"column":2},"end":{"line":36,"column":49}},"8":{"start":{"line":21,"column":38},"end":{"line":33,"column":6}},"9":{"start":{"line":21,"column":49},"end":{"line":33,"column":6}},"10":{"start":{"line":22,"column":59},"end":{"line":31,"column":8}},"11":{"start":{"line":24,"column":10},"end":{"line":24,"column":65}},"12":{"start":{"line":24,"column":44},"end":{"line":24,"column":64}},"13":{"start":{"line":27,"column":10},"end":{"line":29,"column":null}},"14":{"start":{"line":32,"column":6},"end":{"line":32,"column":54}},"15":{"start":{"line":35,"column":4},"end":{"line":35,"column":32}},"16":{"start":{"line":38,"column":19},"end":{"line":38,"column":32}},"17":{"start":{"line":39,"column":19},"end":{"line":39,"column":32}},"18":{"start":{"line":41,"column":31},"end":{"line":54,"column":3}},"19":{"start":{"line":45,"column":4},"end":{"line":45,"column":23}},"20":{"start":{"line":46,"column":4},"end":{"line":50,"column":5}},"21":{"start":{"line":46,"column":40},"end":{"line":46,"column":59}},"22":{"start":{"line":47,"column":6},"end":{"line":47,"column":45}},"23":{"start":{"line":49,"column":6},"end":{"line":49,"column":42}},"24":{"start":{"line":51,"column":26},"end":{"line":51,"column":58}},"25":{"start":{"line":52,"column":4},"end":{"line":52,"column":33}},"26":{"start":{"line":53,"column":4},"end":{"line":53,"column":31}},"27":{"start":{"line":56,"column":26},"end":{"line":67,"column":3}},"28":{"start":{"line":60,"column":4},"end":{"line":60,"column":27}},"29":{"start":{"line":61,"column":19},"end":{"line":61,"column":46}},"30":{"start":{"line":62,"column":4},"end":{"line":65,"column":5}},"31":{"start":{"line":64,"column":6},"end":{"line":64,"column":13}},"32":{"start":{"line":66,"column":4},"end":{"line":66,"column":46}},"33":{"start":{"line":69,"column":2},"end":{"line":101,"column":4}},"34":{"start":{"line":73,"column":10},"end":{"line":96,"column":null}},"35":{"start":{"line":75,"column":32},"end":{"line":75,"column":63}},"36":{"start":{"line":86,"column":28},"end":{"line":86,"column":50}},"37":{"start":{"line":89,"column":37},"end":{"line":89,"column":73}},"38":{"start":{"line":104,"column":0},"end":{"line":104,"column":31}}},"fnMap":{"0":{"name":"PokemonListPage","decl":{"start":{"line":8,"column":9},"end":{"line":8,"column":24}},"loc":{"start":{"line":12,"column":1},"end":{"line":102,"column":1}}},"1":{"name":"(anonymous_8)","decl":{"start":{"line":14,"column":4},"end":{"line":14,"column":5}},"loc":{"start":{"line":14,"column":26},"end":{"line":14,"column":61}}},"2":{"name":"(anonymous_9)","decl":{"start":{"line":20,"column":12},"end":{"line":20,"column":15}},"loc":{"start":{"line":20,"column":17},"end":{"line":36,"column":3}}},"3":{"name":"(anonymous_10)","decl":{"start":{"line":21,"column":38},"end":{"line":21,"column":47}},"loc":{"start":{"line":21,"column":49},"end":{"line":33,"column":6}}},"4":{"name":"(anonymous_11)","decl":{"start":{"line":21,"column":49},"end":{"line":21,"column":null}},"loc":{"start":{"line":21,"column":49},"end":{"line":33,"column":5}}},"5":{"name":"(anonymous_12)","decl":{"start":{"line":23,"column":38},"end":{"line":23,"column":39}},"loc":{"start":{"line":24,"column":10},"end":{"line":24,"column":65}}},"6":{"name":"(anonymous_13)","decl":{"start":{"line":24,"column":36},"end":{"line":24,"column":37}},"loc":{"start":{"line":24,"column":44},"end":{"line":24,"column":64}}},"7":{"name":"(anonymous_14)","decl":{"start":{"line":26,"column":38},"end":{"line":26,"column":39}},"loc":{"start":{"line":26,"column":50},"end":{"line":29,"column":null}}},"8":{"name":"(anonymous_15)","decl":{"start":{"line":41,"column":31},"end":{"line":41,"column":null}},"loc":{"start":{"line":44,"column":6},"end":{"line":54,"column":3}}},"9":{"name":"(anonymous_16)","decl":{"start":{"line":46,"column":33},"end":{"line":46,"column":34}},"loc":{"start":{"line":46,"column":40},"end":{"line":46,"column":59}}},"10":{"name":"(anonymous_17)","decl":{"start":{"line":56,"column":26},"end":{"line":56,"column":null}},"loc":{"start":{"line":59,"column":6},"end":{"line":67,"column":3}}},"11":{"name":"(anonymous_18)","decl":{"start":{"line":72,"column":34},"end":{"line":72,"column":35}},"loc":{"start":{"line":73,"column":10},"end":{"line":96,"column":null}}},"12":{"name":"(anonymous_19)","decl":{"start":{"line":75,"column":21},"end":{"line":75,"column":22}},"loc":{"start":{"line":75,"column":32},"end":{"line":75,"column":63}}},"13":{"name":"(anonymous_20)","decl":{"start":{"line":86,"column":18},"end":{"line":86,"column":19}},"loc":{"start":{"line":86,"column":28},"end":{"line":86,"column":50}}},"14":{"name":"(anonymous_21)","decl":{"start":{"line":89,"column":26},"end":{"line":89,"column":27}},"loc":{"start":{"line":89,"column":37},"end":{"line":89,"column":73}}}},"branchMap":{"0":{"loc":{"start":{"line":29,"column":22},"end":{"line":29,"column":77}},"type":"binary-expr","locations":[{"start":{"line":29,"column":22},"end":{"line":29,"column":71}},{"start":{"line":29,"column":75},"end":{"line":29,"column":77}}]},"1":{"loc":{"start":{"line":29,"column":22},"end":{"line":29,"column":71}},"type":"cond-expr","locations":[{"start":{"line":29,"column":56},"end":{"line":29,"column":58}},{"start":{"line":29,"column":56},"end":{"line":29,"column":71}}]},"2":{"loc":{"start":{"line":29,"column":22},"end":{"line":29,"column":58}},"type":"binary-expr","locations":[{"start":{"line":29,"column":22},"end":{"line":29,"column":58}},{"start":{"line":29,"column":56},"end":{"line":29,"column":58}}]},"3":{"loc":{"start":{"line":46,"column":4},"end":{"line":50,"column":5}},"type":"if","locations":[{"start":{"line":46,"column":4},"end":{"line":50,"column":5}},{"start":{"line":48,"column":11},"end":{"line":50,"column":5}}]},"4":{"loc":{"start":{"line":62,"column":4},"end":{"line":65,"column":5}},"type":"if","locations":[{"start":{"line":62,"column":4},"end":{"line":65,"column":5}}]}},"s":{"0":5,"1":5,"2":5,"3":5,"4":4,"5":6,"6":4,"7":4,"8":2,"9":2,"10":2,"11":0,"12":0,"13":6,"14":2,"15":2,"16":4,"17":4,"18":4,"19":0,"20":0,"21":0,"22":0,"23":0,"24":0,"25":0,"26":0,"27":4,"28":0,"29":0,"30":0,"31":0,"32":0,"33":4,"34":6,"35":0,"36":0,"37":0,"38":5},"f":{"0":4,"1":6,"2":2,"3":2,"4":2,"5":0,"6":0,"7":6,"8":0,"9":0,"10":0,"11":6,"12":0,"13":0,"14":0},"b":{"0":[6,6],"1":[6,0],"2":[6,0],"3":[0,0],"4":[0]}}
,"D:\\Nastya\\React-2024-Q3\\react-rsschool\\src\\components\\search.tsx": {"path":"D:\\Nastya\\React-2024-Q3\\react-rsschool\\src\\components\\search.tsx","statementMap":{"0":{"start":{"line":2,"column":0},"end":{"line":2,"column":59}},"1":{"start":{"line":4,"column":0},"end":{"line":4,"column":48}},"2":{"start":{"line":5,"column":0},"end":{"line":5,"column":42}},"3":{"start":{"line":6,"column":0},"end":{"line":6,"column":47}},"4":{"start":{"line":7,"column":0},"end":{"line":7,"column":47}},"5":{"start":{"line":8,"column":0},"end":{"line":8,"column":55}},"6":{"start":{"line":9,"column":0},"end":{"line":9,"column":79}},"7":{"start":{"line":12,"column":13},"end":{"line":12,"column":79}},"8":{"start":{"line":15,"column":32},"end":{"line":21,"column":4}},"9":{"start":{"line":23,"column":19},"end":{"line":23,"column":21}},"10":{"start":{"line":25,"column":19},"end":{"line":25,"column":32}},"11":{"start":{"line":26,"column":19},"end":{"line":26,"column":32}},"12":{"start":{"line":28,"column":30},"end":{"line":29,"column":null}},"13":{"start":{"line":29,"column":26},"end":{"line":29,"column":53}},"14":{"start":{"line":36,"column":24},"end":{"line":37,"column":null}},"15":{"start":{"line":37,"column":26},"end":{"line":37,"column":54}},"16":{"start":{"line":40,"column":30},"end":{"line":40,"column":71}},"17":{"start":{"line":42,"column":4},"end":{"line":42,"column":51}},"18":{"start":{"line":44,"column":37},"end":{"line":47,"column":4}},"19":{"start":{"line":51,"column":2},"end":{"line":59,"column":24}},"20":{"start":{"line":52,"column":4},"end":{"line":58,"column":5}},"21":{"start":{"line":53,"column":6},"end":{"line":56,"column":10}},"22":{"start":{"line":53,"column":30},"end":{"line":55,"column":null}},"23":{"start":{"line":57,"column":6},"end":{"line":57,"column":25}},"24":{"start":{"line":60,"column":24},"end":{"line":62,"column":4}},"25":{"start":{"line":61,"column":4},"end":{"line":61,"column":24}},"26":{"start":{"line":70,"column":6},"end":{"line":70,"column":46}},"27":{"start":{"line":72,"column":2},"end":{"line":87,"column":46}},"28":{"start":{"line":73,"column":4},"end":{"line":86,"column":5}},"29":{"start":{"line":74,"column":6},"end":{"line":77,"column":10}},"30":{"start":{"line":74,"column":30},"end":{"line":76,"column":null}},"31":{"start":{"line":78,"column":6},"end":{"line":78,"column":43}},"32":{"start":{"line":79,"column":6},"end":{"line":79,"column":51}},"33":{"start":{"line":80,"column":6},"end":{"line":80,"column":68}},"34":{"start":{"line":81,"column":6},"end":{"line":84,"column":15}},"35":{"start":{"line":82,"column":8},"end":{"line":82,"column":34}},"36":{"start":{"line":83,"column":8},"end":{"line":83,"column":51}},"37":{"start":{"line":85,"column":6},"end":{"line":85,"column":39}},"38":{"start":{"line":90,"column":34},"end":{"line":95,"column":3}},"39":{"start":{"line":93,"column":4},"end":{"line":93,"column":36}},"40":{"start":{"line":94,"column":4},"end":{"line":94,"column":51}},"41":{"start":{"line":97,"column":23},"end":{"line":103,"column":4}},"42":{"start":{"line":97,"column":34},"end":{"line":103,"column":4}},"43":{"start":{"line":98,"column":4},"end":{"line":98,"column":38}},"44":{"start":{"line":99,"column":4},"end":{"line":99,"column":29}},"45":{"start":{"line":100,"column":4},"end":{"line":100,"column":47}},"46":{"start":{"line":101,"column":4},"end":{"line":101,"column":30}},"47":{"start":{"line":102,"column":4},"end":{"line":102,"column":47}},"48":{"start":{"line":105,"column":21},"end":{"line":115,"column":3}},"49":{"start":{"line":106,"column":4},"end":{"line":106,"column":29}},"50":{"start":{"line":107,"column":4},"end":{"line":107,"column":47}},"51":{"start":{"line":108,"column":4},"end":{"line":108,"column":39}},"52":{"start":{"line":109,"column":4},"end":{"line":109,"column":38}},"53":{"start":{"line":110,"column":4},"end":{"line":110,"column":66}},"54":{"start":{"line":111,"column":4},"end":{"line":114,"column":13}},"55":{"start":{"line":112,"column":6},"end":{"line":112,"column":32}},"56":{"start":{"line":113,"column":6},"end":{"line":113,"column":49}},"57":{"start":{"line":117,"column":2},"end":{"line":159,"column":4}},"58":{"start":{"line":137,"column":29},"end":{"line":137,"column":65}},"59":{"start":{"line":143,"column":29},"end":{"line":143,"column":65}},"60":{"start":{"line":162,"column":0},"end":{"line":162,"column":31}}},"fnMap":{"0":{"name":"SearchComponent","decl":{"start":{"line":14,"column":9},"end":{"line":14,"column":24}},"loc":{"start":{"line":14,"column":24},"end":{"line":160,"column":1}}},"1":{"name":"(anonymous_9)","decl":{"start":{"line":29,"column":4},"end":{"line":29,"column":5}},"loc":{"start":{"line":29,"column":26},"end":{"line":29,"column":53}}},"2":{"name":"(anonymous_10)","decl":{"start":{"line":37,"column":4},"end":{"line":37,"column":5}},"loc":{"start":{"line":37,"column":26},"end":{"line":37,"column":54}}},"3":{"name":"(anonymous_11)","decl":{"start":{"line":51,"column":12},"end":{"line":51,"column":15}},"loc":{"start":{"line":51,"column":17},"end":{"line":59,"column":3}}},"4":{"name":"(anonymous_12)","decl":{"start":{"line":53,"column":15},"end":{"line":53,"column":16}},"loc":{"start":{"line":53,"column":30},"end":{"line":55,"column":null}}},"5":{"name":"(anonymous_13)","decl":{"start":{"line":60,"column":50},"end":{"line":60,"column":51}},"loc":{"start":{"line":60,"column":62},"end":{"line":62,"column":3}}},"6":{"name":"(anonymous_14)","decl":{"start":{"line":72,"column":12},"end":{"line":72,"column":15}},"loc":{"start":{"line":72,"column":17},"end":{"line":87,"column":3}}},"7":{"name":"(anonymous_15)","decl":{"start":{"line":74,"column":15},"end":{"line":74,"column":16}},"loc":{"start":{"line":74,"column":30},"end":{"line":76,"column":null}}},"8":{"name":"(anonymous_16)","decl":{"start":{"line":81,"column":17},"end":{"line":81,"column":20}},"loc":{"start":{"line":81,"column":22},"end":{"line":84,"column":7}}},"9":{"name":"(anonymous_17)","decl":{"start":{"line":90,"column":34},"end":{"line":90,"column":null}},"loc":{"start":{"line":92,"column":6},"end":{"line":95,"column":3}}},"10":{"name":"(anonymous_18)","decl":{"start":{"line":97,"column":23},"end":{"line":97,"column":32}},"loc":{"start":{"line":97,"column":34},"end":{"line":103,"column":4}}},"11":{"name":"(anonymous_19)","decl":{"start":{"line":97,"column":34},"end":{"line":97,"column":null}},"loc":{"start":{"line":97,"column":34},"end":{"line":103,"column":3}}},"12":{"name":"(anonymous_20)","decl":{"start":{"line":105,"column":21},"end":{"line":105,"column":22}},"loc":{"start":{"line":105,"column":44},"end":{"line":115,"column":3}}},"13":{"name":"(anonymous_21)","decl":{"start":{"line":111,"column":15},"end":{"line":111,"column":18}},"loc":{"start":{"line":111,"column":20},"end":{"line":114,"column":5}}},"14":{"name":"(anonymous_22)","decl":{"start":{"line":137,"column":23},"end":{"line":137,"column":26}},"loc":{"start":{"line":137,"column":29},"end":{"line":137,"column":65}}},"15":{"name":"(anonymous_23)","decl":{"start":{"line":143,"column":23},"end":{"line":143,"column":26}},"loc":{"start":{"line":143,"column":29},"end":{"line":143,"column":65}}}},"branchMap":{"0":{"loc":{"start":{"line":16,"column":16},"end":{"line":16,"column":56}},"type":"binary-expr","locations":[{"start":{"line":16,"column":16},"end":{"line":16,"column":50}},{"start":{"line":16,"column":54},"end":{"line":16,"column":56}}]},"1":{"loc":{"start":{"line":52,"column":4},"end":{"line":58,"column":5}},"type":"if","locations":[{"start":{"line":52,"column":4},"end":{"line":58,"column":5}}]},"2":{"loc":{"start":{"line":73,"column":4},"end":{"line":86,"column":5}},"type":"if","locations":[{"start":{"line":73,"column":4},"end":{"line":86,"column":5}}]},"3":{"loc":{"start":{"line":130,"column":7},"end":{"line":156,"column":null}},"type":"cond-expr","locations":[{"start":{"line":131,"column":8},"end":{"line":131,"column":48}},{"start":{"line":133,"column":8},"end":{"line":155,"column":null}}]}},"s":{"0":4,"1":4,"2":4,"3":4,"4":4,"5":4,"6":4,"7":4,"8":13,"9":12,"10":12,"11":12,"12":12,"13":24,"14":12,"15":24,"16":12,"17":12,"18":12,"19":0,"20":0,"21":0,"22":0,"23":0,"24":0,"25":0,"26":0,"27":0,"28":0,"29":0,"30":0,"31":0,"32":0,"33":0,"34":0,"35":0,"36":0,"37":0,"38":0,"39":0,"40":0,"41":0,"42":0,"43":0,"44":0,"45":0,"46":0,"47":0,"48":0,"49":0,"50":0,"51":0,"52":0,"53":0,"54":0,"55":0,"56":0,"57":0,"58":0,"59":0,"60":4},"f":{"0":13,"1":24,"2":24,"3":0,"4":0,"5":0,"6":0,"7":0,"8":0,"9":0,"10":0,"11":0,"12":0,"13":0,"14":0,"15":0},"b":{"0":[13,13],"1":[0],"2":[0],"3":[0,0]}}
,"D:\\Nastya\\React-2024-Q3\\react-rsschool\\src\\components\\themeProvider.tsx": {"path":"D:\\Nastya\\React-2024-Q3\\react-rsschool\\src\\components\\themeProvider.tsx","statementMap":{"0":{"start":{"line":1,"column":0},"end":{"line":1,"column":48}},"1":{"start":{"line":3,"column":13},"end":{"line":6,"column":3}},"2":{"start":{"line":8,"column":29},"end":{"line":20,"column":1}},"3":{"start":{"line":9,"column":28},"end":{"line":9,"column":45}},"4":{"start":{"line":11,"column":22},"end":{"line":13,"column":3}},"5":{"start":{"line":12,"column":4},"end":{"line":12,"column":72}},"6":{"start":{"line":12,"column":29},"end":{"line":12,"column":69}},"7":{"start":{"line":15,"column":2},"end":{"line":19,"column":4}},"8":{"start":{"line":8,"column":13},"end":{"line":8,"column":29}}},"fnMap":{"0":{"name":"(anonymous_0)","decl":{"start":{"line":5,"column":15},"end":{"line":5,"column":18}},"loc":{"start":{"line":5,"column":20},"end":{"line":5,"column":23}}},"1":{"name":"(anonymous_1)","decl":{"start":{"line":8,"column":29},"end":{"line":8,"column":30}},"loc":{"start":{"line":8,"column":77},"end":{"line":20,"column":1}}},"2":{"name":"(anonymous_2)","decl":{"start":{"line":11,"column":22},"end":{"line":11,"column":25}},"loc":{"start":{"line":11,"column":27},"end":{"line":13,"column":3}}},"3":{"name":"(anonymous_3)","decl":{"start":{"line":12,"column":13},"end":{"line":12,"column":14}},"loc":{"start":{"line":12,"column":29},"end":{"line":12,"column":69}}}},"branchMap":{"0":{"loc":{"start":{"line":12,"column":29},"end":{"line":12,"column":69}},"type":"cond-expr","locations":[{"start":{"line":12,"column":53},"end":{"line":12,"column":59}},{"start":{"line":12,"column":62},"end":{"line":12,"column":69}}]}},"s":{"0":3,"1":3,"2":3,"3":9,"4":9,"5":2,"6":2,"7":9,"8":3},"f":{"0":0,"1":9,"2":2,"3":2},"b":{"0":[1,1]}}
,"D:\\Nastya\\React-2024-Q3\\react-rsschool\\src\\store\\ApiSlice.tsx": {"path":"D:\\Nastya\\React-2024-Q3\\react-rsschool\\src\\store\\ApiSlice.tsx","statementMap":{"0":{"start":{"line":1,"column":0},"end":{"line":1,"column":null}},"1":{"start":{"line":12,"column":13},"end":{"line":50,"column":3}},"2":{"start":{"line":15,"column":27},"end":{"line":49,"column":4}},"3":{"start":{"line":18,"column":48},"end":{"line":18,"column":54}},"4":{"start":{"line":19,"column":8},"end":{"line":23,"column":9}},"5":{"start":{"line":20,"column":10},"end":{"line":20,"column":57}},"6":{"start":{"line":22,"column":10},"end":{"line":22,"column":78}},"7":{"start":{"line":27,"column":21},"end":{"line":27,"column":36}},"8":{"start":{"line":30,"column":31},"end":{"line":47,"column":null}},"9":{"start":{"line":31,"column":8},"end":{"line":46,"column":9}},"10":{"start":{"line":32,"column":28},"end":{"line":41,"column":null}},"11":{"start":{"line":33,"column":37},"end":{"line":41,"column":14}},"12":{"start":{"line":34,"column":31},"end":{"line":35,"column":null}},"13":{"start":{"line":37,"column":14},"end":{"line":39,"column":15}},"14":{"start":{"line":38,"column":16},"end":{"line":38,"column":67}},"15":{"start":{"line":40,"column":14},"end":{"line":40,"column":43}},"16":{"start":{"line":43,"column":10},"end":{"line":43,"column":37}},"17":{"start":{"line":45,"column":10},"end":{"line":45,"column":57}}},"fnMap":{"0":{"name":"(anonymous_7)","decl":{"start":{"line":15,"column":13},"end":{"line":15,"column":14}},"loc":{"start":{"line":15,"column":27},"end":{"line":49,"column":4}}},"1":{"name":"(anonymous_8)","decl":{"start":{"line":17,"column":13},"end":{"line":17,"column":14}},"loc":{"start":{"line":17,"column":24},"end":{"line":24,"column":7}}},"2":{"name":"(anonymous_9)","decl":{"start":{"line":27,"column":13},"end":{"line":27,"column":14}},"loc":{"start":{"line":27,"column":21},"end":{"line":27,"column":36}}},"3":{"name":"(anonymous_10)","decl":{"start":{"line":30,"column":15},"end":{"line":30,"column":22}},"loc":{"start":{"line":30,"column":31},"end":{"line":47,"column":null}}},"4":{"name":"(anonymous_11)","decl":{"start":{"line":30,"column":31},"end":{"line":30,"column":null}},"loc":{"start":{"line":30,"column":31},"end":{"line":47,"column":7}}},"5":{"name":"(anonymous_12)","decl":{"start":{"line":33,"column":22},"end":{"line":33,"column":29}},"loc":{"start":{"line":33,"column":37},"end":{"line":41,"column":14}}},"6":{"name":"(anonymous_13)","decl":{"start":{"line":33,"column":37},"end":{"line":33,"column":null}},"loc":{"start":{"line":33,"column":37},"end":{"line":41,"column":13}}}},"branchMap":{"0":{"loc":{"start":{"line":18,"column":16},"end":{"line":18,"column":31}},"type":"default-arg","locations":[{"start":{"line":18,"column":29},"end":{"line":18,"column":31}}]},"1":{"loc":{"start":{"line":19,"column":8},"end":{"line":23,"column":9}},"type":"if","locations":[{"start":{"line":19,"column":8},"end":{"line":23,"column":9}},{"start":{"line":21,"column":15},"end":{"line":23,"column":9}}]},"2":{"loc":{"start":{"line":37,"column":14},"end":{"line":39,"column":15}},"type":"if","locations":[{"start":{"line":37,"column":14},"end":{"line":39,"column":15}}]}},"s":{"0":3,"1":3,"2":3,"3":0,"4":0,"5":0,"6":0,"7":0,"8":0,"9":0,"10":0,"11":0,"12":0,"13":0,"14":0,"15":0,"16":0,"17":0},"f":{"0":3,"1":0,"2":0,"3":0,"4":0,"5":0,"6":0},"b":{"0":[0],"1":[0,0],"2":[0]}}
,"D:\\Nastya\\React-2024-Q3\\react-rsschool\\src\\store\\pokemonSlice.tsx": {"path":"D:\\Nastya\\React-2024-Q3\\react-rsschool\\src\\store\\pokemonSlice.tsx","statementMap":{"0":{"start":{"line":1,"column":0},"end":{"line":1,"column":62}},"1":{"start":{"line":11,"column":42},"end":{"line":16,"column":2}},"2":{"start":{"line":18,"column":13},"end":{"line":48,"column":3}},"3":{"start":{"line":23,"column":6},"end":{"line":23,"column":38}},"4":{"start":{"line":26,"column":6},"end":{"line":26,"column":39}},"5":{"start":{"line":29,"column":6},"end":{"line":29,"column":40}},"6":{"start":{"line":32,"column":25},"end":{"line":33,"column":null}},"7":{"start":{"line":33,"column":21},"end":{"line":33,"column":53}},"8":{"start":{"line":35,"column":6},"end":{"line":37,"column":7}},"9":{"start":{"line":36,"column":8},"end":{"line":36,"column":77}},"10":{"start":{"line":40,"column":6},"end":{"line":42,"column":8}},"11":{"start":{"line":41,"column":21},"end":{"line":41,"column":53}},"12":{"start":{"line":45,"column":6},"end":{"line":45,"column":34}},"13":{"start":{"line":51,"column":13},"end":{"line":57,"column":null}},"14":{"start":{"line":60,"column":0},"end":{"line":60,"column":37}}},"fnMap":{"0":{"name":"(anonymous_0)","decl":{"start":{"line":22,"column":15},"end":{"line":22,"column":16}},"loc":{"start":{"line":22,"column":70},"end":{"line":24,"column":5}}},"1":{"name":"(anonymous_1)","decl":{"start":{"line":25,"column":19},"end":{"line":25,"column":20}},"loc":{"start":{"line":25,"column":61},"end":{"line":27,"column":5}}},"2":{"name":"(anonymous_2)","decl":{"start":{"line":28,"column":18},"end":{"line":28,"column":19}},"loc":{"start":{"line":28,"column":59},"end":{"line":30,"column":5}}},"3":{"name":"(anonymous_3)","decl":{"start":{"line":31,"column":22},"end":{"line":31,"column":23}},"loc":{"start":{"line":31,"column":75},"end":{"line":38,"column":5}}},"4":{"name":"(anonymous_4)","decl":{"start":{"line":33,"column":8},"end":{"line":33,"column":9}},"loc":{"start":{"line":33,"column":21},"end":{"line":33,"column":53}}},"5":{"name":"(anonymous_5)","decl":{"start":{"line":39,"column":25},"end":{"line":39,"column":26}},"loc":{"start":{"line":39,"column":78},"end":{"line":43,"column":5}}},"6":{"name":"(anonymous_6)","decl":{"start":{"line":41,"column":8},"end":{"line":41,"column":9}},"loc":{"start":{"line":41,"column":21},"end":{"line":41,"column":53}}},"7":{"name":"(anonymous_7)","decl":{"start":{"line":44,"column":24},"end":{"line":44,"column":25}},"loc":{"start":{"line":44,"column":34},"end":{"line":46,"column":5}}}},"branchMap":{"0":{"loc":{"start":{"line":35,"column":6},"end":{"line":37,"column":7}},"type":"if","locations":[{"start":{"line":35,"column":6},"end":{"line":37,"column":7}}]}},"s":{"0":7,"1":7,"2":7,"3":1,"4":1,"5":1,"6":4,"7":1,"8":4,"9":4,"10":1,"11":1,"12":1,"13":7,"14":7},"f":{"0":1,"1":1,"2":1,"3":4,"4":1,"5":1,"6":1,"7":1},"b":{"0":[4]}}
,"D:\\Nastya\\React-2024-Q3\\react-rsschool\\src\\store\\store.tsx": {"path":"D:\\Nastya\\React-2024-Q3\\react-rsschool\\src\\store\\store.tsx","statementMap":{"0":{"start":{"line":1,"column":0},"end":{"line":1,"column":50}},"1":{"start":{"line":2,"column":0},"end":{"line":2,"column":44}},"2":{"start":{"line":3,"column":0},"end":{"line":3,"column":40}},"3":{"start":{"line":4,"column":0},"end":{"line":4,"column":56}},"4":{"start":{"line":6,"column":13},"end":{"line":13,"column":3}},"5":{"start":{"line":12,"column":4},"end":{"line":12,"column":56}},"6":{"start":{"line":15,"column":0},"end":{"line":15,"column":31}}},"fnMap":{"0":{"name":"(anonymous_1)","decl":{"start":{"line":11,"column":14},"end":{"line":11,"column":15}},"loc":{"start":{"line":12,"column":4},"end":{"line":12,"column":56}}}},"branchMap":{},"s":{"0":2,"1":2,"2":2,"3":2,"4":2,"5":2,"6":2},"f":{"0":2},"b":{}}
,"D:\\Nastya\\React-2024-Q3\\react-rsschool\\src\\tests\\__ mocks __\\fetch.ts": {"path":"D:\\Nastya\\React-2024-Q3\\react-rsschool\\src\\tests\\__ mocks __\\fetch.ts","statementMap":{"0":{"start":{"line":1,"column":0},"end":{"line":1,"column":58}},"1":{"start":{"line":3,"column":18},"end":{"line":5,"column":2}},"2":{"start":{"line":4,"column":14},"end":{"line":4,"column":49}},"3":{"start":{"line":7,"column":0},"end":{"line":7,"column":25}}},"fnMap":{"0":{"name":"(anonymous_0)","decl":{"start":{"line":4,"column":8},"end":{"line":4,"column":11}},"loc":{"start":{"line":4,"column":14},"end":{"line":4,"column":49}}}},"branchMap":{},"s":{"0":0,"1":0,"2":0,"3":0},"f":{"0":0},"b":{}}
,"D:\\Nastya\\React-2024-Q3\\react-rsschool\\src\\tests\\__ mocks __\\fileMock.js": {"path":"D:\\Nastya\\React-2024-Q3\\react-rsschool\\src\\tests\\__ mocks __\\fileMock.js","statementMap":{"0":{"start":{"line":1,"column":0},"end":{"line":1,"column":34}}},"fnMap":{},"branchMap":{},"s":{"0":0},"f":{},"b":{}}
,"D:\\Nastya\\React-2024-Q3\\react-rsschool\\src\\tests\\__ mocks __\\mockPokemonDetails.ts": {"path":"D:\\Nastya\\React-2024-Q3\\react-rsschool\\src\\tests\\__ mocks __\\mockPokemonDetails.ts","statementMap":{"0":{"start":{"line":1,"column":13},"end":{"line":21,"column":2}}},"fnMap":{},"branchMap":{},"s":{"0":0},"f":{},"b":{}}
}
