{"D:\\popka\\React-2024-Q3\\react-rsschool\\src\\App.tsx": {"path":"D:\\popka\\React-2024-Q3\\react-rsschool\\src\\App.tsx","statementMap":{"0":{"start":{"line":1,"column":0},"end":{"line":1,"column":19}},"1":{"start":{"line":2,"column":0},"end":{"line":2,"column":64}},"2":{"start":{"line":3,"column":0},"end":{"line":3,"column":54}},"3":{"start":{"line":4,"column":0},"end":{"line":4,"column":62}},"4":{"start":{"line":5,"column":0},"end":{"line":5,"column":53}},"5":{"start":{"line":8,"column":2},"end":{"line":17,"column":4}},"6":{"start":{"line":20,"column":0},"end":{"line":20,"column":19}}},"fnMap":{"0":{"name":"App","decl":{"start":{"line":7,"column":9},"end":{"line":7,"column":12}},"loc":{"start":{"line":7,"column":12},"end":{"line":18,"column":1}}}},"branchMap":{},"s":{"0":0,"1":0,"2":0,"3":0,"4":0,"5":0,"6":0},"f":{"0":0},"b":{}}
,"D:\\popka\\React-2024-Q3\\react-rsschool\\src\\main.tsx": {"path":"D:\\popka\\React-2024-Q3\\react-rsschool\\src\\main.tsx","statementMap":{"0":{"start":{"line":1,"column":0},"end":{"line":1,"column":40}},"1":{"start":{"line":2,"column":0},"end":{"line":2,"column":28}},"2":{"start":{"line":3,"column":0},"end":{"line":3,"column":21}},"3":{"start":{"line":4,"column":0},"end":{"line":4,"column":63}},"4":{"start":{"line":6,"column":0},"end":{"line":10,"column":2}}},"fnMap":{},"branchMap":{},"s":{"0":0,"1":0,"2":0,"3":0,"4":0},"f":{},"b":{}}
,"D:\\popka\\React-2024-Q3\\react-rsschool\\src\\api\\api.tsx": {"path":"D:\\popka\\React-2024-Q3\\react-rsschool\\src\\api\\api.tsx","statementMap":{"0":{"start":{"line":5,"column":4},"end":{"line":7,"column":118}},"1":{"start":{"line":9,"column":29},"end":{"line":15,"column":4}},"2":{"start":{"line":17,"column":2},"end":{"line":38,"column":3}},"3":{"start":{"line":18,"column":21},"end":{"line":22,"column":6}},"4":{"start":{"line":23,"column":4},"end":{"line":28,"column":7}},"5":{"start":{"line":24,"column":6},"end":{"line":24,"column":65}},"6":{"start":{"line":25,"column":6},"end":{"line":25,"column":39}},"7":{"start":{"line":26,"column":6},"end":{"line":26,"column":32}},"8":{"start":{"line":27,"column":6},"end":{"line":27,"column":28}},"9":{"start":{"line":29,"column":4},"end":{"line":34,"column":5}},"10":{"start":{"line":30,"column":46},"end":{"line":31,"column":null}},"11":{"start":{"line":31,"column":17},"end":{"line":31,"column":27}},"12":{"start":{"line":33,"column":6},"end":{"line":33,"column":45}},"13":{"start":{"line":36,"column":4},"end":{"line":36,"column":35}},"14":{"start":{"line":37,"column":4},"end":{"line":37,"column":17}},"15":{"start":{"line":39,"column":2},"end":{"line":39,"column":15}},"16":{"start":{"line":42,"column":0},"end":{"line":42,"column":19}}},"fnMap":{"0":{"name":"Api","decl":{"start":{"line":3,"column":15},"end":{"line":3,"column":18}},"loc":{"start":{"line":3,"column":43},"end":{"line":40,"column":null}}},"1":{"name":"(anonymous_9)","decl":{"start":{"line":23,"column":31},"end":{"line":23,"column":32}},"loc":{"start":{"line":23,"column":40},"end":{"line":28,"column":5}}},"2":{"name":"(anonymous_10)","decl":{"start":{"line":31,"column":8},"end":{"line":31,"column":9}},"loc":{"start":{"line":31,"column":17},"end":{"line":31,"column":27}}}},"branchMap":{"0":{"loc":{"start":{"line":5,"column":4},"end":{"line":7,"column":118}},"type":"cond-expr","locations":[{"start":{"line":6,"column":8},"end":{"line":6,"column":85}},{"start":{"line":7,"column":8},"end":{"line":7,"column":118}}]}},"s":{"0":0,"1":0,"2":0,"3":0,"4":0,"5":0,"6":0,"7":0,"8":0,"9":0,"10":0,"11":0,"12":0,"13":0,"14":0,"15":0,"16":1},"f":{"0":0,"1":0,"2":0},"b":{"0":[0,0]}}
,"D:\\popka\\React-2024-Q3\\react-rsschool\\src\\components\\NotFoundPage.tsx": {"path":"D:\\popka\\React-2024-Q3\\react-rsschool\\src\\components\\NotFoundPage.tsx","statementMap":{"0":{"start":{"line":1,"column":0},"end":{"line":1,"column":47}},"1":{"start":{"line":4,"column":19},"end":{"line":4,"column":32}},"2":{"start":{"line":5,"column":2},"end":{"line":18,"column":4}},"3":{"start":{"line":12,"column":25},"end":{"line":12,"column":38}},"4":{"start":{"line":21,"column":0},"end":{"line":21,"column":28}}},"fnMap":{"0":{"name":"NotFoundPage","decl":{"start":{"line":3,"column":9},"end":{"line":3,"column":21}},"loc":{"start":{"line":3,"column":21},"end":{"line":19,"column":1}}},"1":{"name":"(anonymous_1)","decl":{"start":{"line":12,"column":19},"end":{"line":12,"column":22}},"loc":{"start":{"line":12,"column":25},"end":{"line":12,"column":38}}}},"branchMap":{},"s":{"0":1,"1":2,"2":2,"3":1,"4":1},"f":{"0":2,"1":1},"b":{}}
,"D:\\popka\\React-2024-Q3\\react-rsschool\\src\\components\\detailedPage.tsx": {"path":"D:\\popka\\React-2024-Q3\\react-rsschool\\src\\components\\detailedPage.tsx","statementMap":{"0":{"start":{"line":1,"column":0},"end":{"line":1,"column":44}},"1":{"start":{"line":3,"column":0},"end":{"line":3,"column":58}},"2":{"start":{"line":4,"column":0},"end":{"line":4,"column":35}},"3":{"start":{"line":5,"column":0},"end":{"line":5,"column":41}},"4":{"start":{"line":8,"column":17},"end":{"line":8,"column":44}},"5":{"start":{"line":10,"column":4},"end":{"line":10,"column":45}},"6":{"start":{"line":11,"column":36},"end":{"line":11,"column":51}},"7":{"start":{"line":12,"column":19},"end":{"line":12,"column":32}},"8":{"start":{"line":13,"column":16},"end":{"line":13,"column":56}},"9":{"start":{"line":15,"column":2},"end":{"line":32,"column":11}},"10":{"start":{"line":16,"column":16},"end":{"line":16,"column":58}},"11":{"start":{"line":17,"column":4},"end":{"line":17,"column":42}},"12":{"start":{"line":18,"column":32},"end":{"line":30,"column":6}},"13":{"start":{"line":18,"column":43},"end":{"line":30,"column":6}},"14":{"start":{"line":19,"column":6},"end":{"line":19,"column":25}},"15":{"start":{"line":20,"column":6},"end":{"line":29,"column":7}},"16":{"start":{"line":21,"column":45},"end":{"line":23,"column":35}},"17":{"start":{"line":23,"column":24},"end":{"line":23,"column":34}},"18":{"start":{"line":24,"column":8},"end":{"line":24,"column":36}},"19":{"start":{"line":26,"column":8},"end":{"line":26,"column":64}},"20":{"start":{"line":28,"column":8},"end":{"line":28,"column":28}},"21":{"start":{"line":31,"column":4},"end":{"line":31,"column":26}},"22":{"start":{"line":34,"column":2},"end":{"line":36,"column":3}},"23":{"start":{"line":35,"column":4},"end":{"line":35,"column":33}},"24":{"start":{"line":38,"column":27},"end":{"line":40,"column":3}},"25":{"start":{"line":39,"column":4},"end":{"line":39,"column":62}},"26":{"start":{"line":42,"column":2},"end":{"line":124,"column":4}},"27":{"start":{"line":73,"column":16},"end":{"line":73,"column":45}},"28":{"start":{"line":79,"column":16},"end":{"line":79,"column":43}},"29":{"start":{"line":85,"column":16},"end":{"line":85,"column":54}},"30":{"start":{"line":127,"column":0},"end":{"line":127,"column":37}}},"fnMap":{"0":{"name":"DetailedPageComponent","decl":{"start":{"line":7,"column":9},"end":{"line":7,"column":30}},"loc":{"start":{"line":7,"column":30},"end":{"line":125,"column":1}}},"1":{"name":"(anonymous_8)","decl":{"start":{"line":15,"column":12},"end":{"line":15,"column":15}},"loc":{"start":{"line":15,"column":17},"end":{"line":32,"column":3}}},"2":{"name":"(anonymous_9)","decl":{"start":{"line":18,"column":32},"end":{"line":18,"column":41}},"loc":{"start":{"line":18,"column":43},"end":{"line":30,"column":6}}},"3":{"name":"(anonymous_10)","decl":{"start":{"line":18,"column":43},"end":{"line":18,"column":null}},"loc":{"start":{"line":18,"column":43},"end":{"line":30,"column":5}}},"4":{"name":"(anonymous_11)","decl":{"start":{"line":23,"column":15},"end":{"line":23,"column":16}},"loc":{"start":{"line":23,"column":24},"end":{"line":23,"column":34}}},"5":{"name":"(anonymous_12)","decl":{"start":{"line":38,"column":27},"end":{"line":38,"column":30}},"loc":{"start":{"line":38,"column":32},"end":{"line":40,"column":3}}},"6":{"name":"(anonymous_13)","decl":{"start":{"line":72,"column":40},"end":{"line":72,"column":41}},"loc":{"start":{"line":73,"column":16},"end":{"line":73,"column":45}}},"7":{"name":"(anonymous_14)","decl":{"start":{"line":78,"column":40},"end":{"line":78,"column":41}},"loc":{"start":{"line":79,"column":16},"end":{"line":79,"column":43}}},"8":{"name":"(anonymous_15)","decl":{"start":{"line":84,"column":44},"end":{"line":84,"column":45}},"loc":{"start":{"line":85,"column":16},"end":{"line":85,"column":54}}}},"branchMap":{"0":{"loc":{"start":{"line":34,"column":2},"end":{"line":36,"column":3}},"type":"if","locations":[{"start":{"line":34,"column":2},"end":{"line":36,"column":3}}]},"1":{"loc":{"start":{"line":44,"column":7},"end":{"line":121,"column":null}},"type":"cond-expr","locations":[{"start":{"line":45,"column":8},"end":{"line":45,"column":48}},{"start":{"line":47,"column":8},"end":{"line":47,"column":37}}]},"2":{"loc":{"start":{"line":95,"column":26},"end":{"line":95,"column":81}},"type":"cond-expr","locations":[{"start":{"line":95,"column":54},"end":{"line":95,"column":56}},{"start":{"line":95,"column":54},"end":{"line":95,"column":81}}]},"3":{"loc":{"start":{"line":95,"column":26},"end":{"line":95,"column":56}},"type":"binary-expr","locations":[{"start":{"line":95,"column":26},"end":{"line":95,"column":56}},{"start":{"line":95,"column":54},"end":{"line":95,"column":56}}]},"4":{"loc":{"start":{"line":105,"column":26},"end":{"line":105,"column":74}},"type":"cond-expr","locations":[{"start":{"line":105,"column":54},"end":{"line":105,"column":56}},{"start":{"line":105,"column":54},"end":{"line":105,"column":74}}]},"5":{"loc":{"start":{"line":105,"column":26},"end":{"line":105,"column":56}},"type":"binary-expr","locations":[{"start":{"line":105,"column":26},"end":{"line":105,"column":56}},{"start":{"line":105,"column":54},"end":{"line":105,"column":56}}]},"6":{"loc":{"start":{"line":115,"column":26},"end":{"line":115,"column":78}},"type":"cond-expr","locations":[{"start":{"line":115,"column":54},"end":{"line":115,"column":56}},{"start":{"line":115,"column":54},"end":{"line":115,"column":78}}]},"7":{"loc":{"start":{"line":115,"column":26},"end":{"line":115,"column":56}},"type":"binary-expr","locations":[{"start":{"line":115,"column":26},"end":{"line":115,"column":56}},{"start":{"line":115,"column":54},"end":{"line":115,"column":56}}]}},"s":{"0":1,"1":1,"2":1,"3":1,"4":6,"5":6,"6":6,"7":6,"8":6,"9":6,"10":3,"11":3,"12":3,"13":3,"14":3,"15":3,"16":3,"17":0,"18":0,"19":3,"20":3,"21":3,"22":6,"23":6,"24":0,"25":0,"26":0,"27":0,"28":0,"29":0,"30":1},"f":{"0":6,"1":3,"2":3,"3":3,"4":0,"5":0,"6":0,"7":0,"8":0},"b":{"0":[6],"1":[0,0],"2":[0,0],"3":[0,0],"4":[0,0],"5":[0,0],"6":[0,0],"7":[0,0]}}
,"D:\\popka\\React-2024-Q3\\react-rsschool\\src\\components\\errorBoundary.tsx": {"path":"D:\\popka\\React-2024-Q3\\react-rsschool\\src\\components\\errorBoundary.tsx","statementMap":{"0":{"start":{"line":1,"column":0},"end":{"line":1,"column":41}},"1":{"start":{"line":9,"column":4},"end":{"line":9,"column":17}},"2":{"start":{"line":10,"column":4},"end":{"line":10,"column":37}},"3":{"start":{"line":14,"column":4},"end":{"line":14,"column":35}},"4":{"start":{"line":15,"column":4},"end":{"line":15,"column":44}},"5":{"start":{"line":19,"column":4},"end":{"line":19,"column":31}},"6":{"start":{"line":20,"column":4},"end":{"line":20,"column":30}},"7":{"start":{"line":24,"column":4},"end":{"line":24,"column":47}},"8":{"start":{"line":28,"column":4},"end":{"line":41,"column":5}},"9":{"start":{"line":29,"column":6},"end":{"line":40,"column":8}},"10":{"start":{"line":35,"column":27},"end":{"line":35,"column":61}},"11":{"start":{"line":42,"column":4},"end":{"line":42,"column":31}},"12":{"start":{"line":4,"column":0},"end":{"line":4,"column":13}}},"fnMap":{"0":{"name":"(anonymous_1)","decl":{"start":{"line":8,"column":2},"end":{"line":8,"column":14}},"loc":{"start":{"line":8,"column":44},"end":{"line":11,"column":3}}},"1":{"name":"(anonymous_2)","decl":{"start":{"line":13,"column":2},"end":{"line":13,"column":21}},"loc":{"start":{"line":13,"column":56},"end":{"line":16,"column":3}}},"2":{"name":"(anonymous_3)","decl":{"start":{"line":18,"column":2},"end":{"line":18,"column":8}},"loc":{"start":{"line":18,"column":46},"end":{"line":21,"column":3}}},"3":{"name":"(anonymous_4)","decl":{"start":{"line":23,"column":2},"end":{"line":23,"column":19}},"loc":{"start":{"line":23,"column":54},"end":{"line":25,"column":3}}},"4":{"name":"(anonymous_5)","decl":{"start":{"line":27,"column":2},"end":{"line":27,"column":8}},"loc":{"start":{"line":27,"column":8},"end":{"line":43,"column":3}}},"5":{"name":"(anonymous_6)","decl":{"start":{"line":35,"column":21},"end":{"line":35,"column":24}},"loc":{"start":{"line":35,"column":27},"end":{"line":35,"column":61}}}},"branchMap":{"0":{"loc":{"start":{"line":28,"column":4},"end":{"line":41,"column":5}},"type":"if","locations":[{"start":{"line":28,"column":4},"end":{"line":41,"column":5}}]}},"s":{"0":1,"1":1,"2":1,"3":0,"4":0,"5":0,"6":0,"7":0,"8":1,"9":0,"10":0,"11":1,"12":1},"f":{"0":1,"1":0,"2":0,"3":0,"4":1,"5":0},"b":{"0":[0]}}
,"D:\\popka\\React-2024-Q3\\react-rsschool\\src\\components\\mainPage.tsx": {"path":"D:\\popka\\React-2024-Q3\\react-rsschool\\src\\components\\mainPage.tsx","statementMap":{"0":{"start":{"line":1,"column":0},"end":{"line":1,"column":33}},"1":{"start":{"line":2,"column":0},"end":{"line":2,"column":39}},"2":{"start":{"line":5,"column":28},"end":{"line":7,"column":4}},"3":{"start":{"line":8,"column":21},"end":{"line":10,"column":3}},"4":{"start":{"line":9,"column":4},"end":{"line":9,"column":36}},"5":{"start":{"line":11,"column":2},"end":{"line":13,"column":3}},"6":{"start":{"line":12,"column":4},"end":{"line":12,"column":44}},"7":{"start":{"line":15,"column":2},"end":{"line":38,"column":4}},"8":{"start":{"line":41,"column":0},"end":{"line":41,"column":33}}},"fnMap":{"0":{"name":"MainPageComponent","decl":{"start":{"line":4,"column":9},"end":{"line":4,"column":26}},"loc":{"start":{"line":4,"column":26},"end":{"line":39,"column":1}}},"1":{"name":"(anonymous_2)","decl":{"start":{"line":8,"column":21},"end":{"line":8,"column":24}},"loc":{"start":{"line":8,"column":26},"end":{"line":10,"column":3}}}},"branchMap":{"0":{"loc":{"start":{"line":11,"column":2},"end":{"line":13,"column":3}},"type":"if","locations":[{"start":{"line":11,"column":2},"end":{"line":13,"column":3}}]}},"s":{"0":0,"1":0,"2":0,"3":0,"4":0,"5":0,"6":0,"7":0,"8":0},"f":{"0":0,"1":0},"b":{"0":[0]}}
,"D:\\popka\\React-2024-Q3\\react-rsschool\\src\\components\\pokemosListPage.tsx": {"path":"D:\\popka\\React-2024-Q3\\react-rsschool\\src\\components\\pokemosListPage.tsx","statementMap":{"0":{"start":{"line":1,"column":0},"end":{"line":1,"column":40}},"1":{"start":{"line":9,"column":2},"end":{"line":30,"column":4}},"2":{"start":{"line":13,"column":10},"end":{"line":25,"column":null}},"3":{"start":{"line":33,"column":0},"end":{"line":33,"column":31}}},"fnMap":{"0":{"name":"PokemonListPage","decl":{"start":{"line":4,"column":9},"end":{"line":4,"column":24}},"loc":{"start":{"line":8,"column":1},"end":{"line":31,"column":1}}},"1":{"name":"(anonymous_1)","decl":{"start":{"line":12,"column":33},"end":{"line":12,"column":34}},"loc":{"start":{"line":13,"column":10},"end":{"line":25,"column":null}}}},"branchMap":{},"s":{"0":1,"1":0,"2":0,"3":1},"f":{"0":0,"1":0},"b":{}}
,"D:\\popka\\React-2024-Q3\\react-rsschool\\src\\components\\search.tsx": {"path":"D:\\popka\\React-2024-Q3\\react-rsschool\\src\\components\\search.tsx","statementMap":{"0":{"start":{"line":1,"column":0},"end":{"line":1,"column":59}},"1":{"start":{"line":2,"column":0},"end":{"line":2,"column":29}},"2":{"start":{"line":4,"column":0},"end":{"line":4,"column":48}},"3":{"start":{"line":5,"column":0},"end":{"line":5,"column":42}},"4":{"start":{"line":6,"column":0},"end":{"line":6,"column":47}},"5":{"start":{"line":8,"column":13},"end":{"line":8,"column":79}},"6":{"start":{"line":11,"column":28},"end":{"line":17,"column":4}},"7":{"start":{"line":19,"column":19},"end":{"line":19,"column":32}},"8":{"start":{"line":21,"column":56},"end":{"line":23,"column":7}},"9":{"start":{"line":25,"column":2},"end":{"line":34,"column":9}},"10":{"start":{"line":26,"column":23},"end":{"line":26,"column":57}},"11":{"start":{"line":27,"column":4},"end":{"line":29,"column":5}},"12":{"start":{"line":28,"column":6},"end":{"line":28,"column":53}},"13":{"start":{"line":30,"column":22},"end":{"line":32,"column":6}},"14":{"start":{"line":30,"column":33},"end":{"line":32,"column":6}},"15":{"start":{"line":31,"column":6},"end":{"line":31,"column":31}},"16":{"start":{"line":33,"column":4},"end":{"line":33,"column":16}},"17":{"start":{"line":36,"column":34},"end":{"line":40,"column":3}},"18":{"start":{"line":39,"column":4},"end":{"line":39,"column":59}},"19":{"start":{"line":42,"column":23},"end":{"line":44,"column":4}},"20":{"start":{"line":42,"column":34},"end":{"line":44,"column":4}},"21":{"start":{"line":43,"column":4},"end":{"line":43,"column":29}},"22":{"start":{"line":46,"column":21},"end":{"line":50,"column":3}},"23":{"start":{"line":47,"column":4},"end":{"line":47,"column":34}},"24":{"start":{"line":48,"column":4},"end":{"line":48,"column":51}},"25":{"start":{"line":49,"column":4},"end":{"line":49,"column":23}},"26":{"start":{"line":53,"column":4},"end":{"line":53,"column":42}},"27":{"start":{"line":54,"column":4},"end":{"line":69,"column":5}},"28":{"start":{"line":55,"column":6},"end":{"line":64,"column":9}},"29":{"start":{"line":56,"column":8},"end":{"line":56,"column":27}},"30":{"start":{"line":57,"column":8},"end":{"line":61,"column":10}},"31":{"start":{"line":59,"column":12},"end":{"line":59,"column":79}},"32":{"start":{"line":62,"column":8},"end":{"line":62,"column":69}},"33":{"start":{"line":63,"column":8},"end":{"line":63,"column":24}},"34":{"start":{"line":66,"column":6},"end":{"line":66,"column":37}},"35":{"start":{"line":68,"column":6},"end":{"line":68,"column":45}},"36":{"start":{"line":72,"column":2},"end":{"line":115,"column":4}},"37":{"start":{"line":93,"column":29},"end":{"line":93,"column":61}},"38":{"start":{"line":99,"column":29},"end":{"line":99,"column":61}},"39":{"start":{"line":118,"column":0},"end":{"line":118,"column":31}}},"fnMap":{"0":{"name":"SearchComponent","decl":{"start":{"line":10,"column":9},"end":{"line":10,"column":24}},"loc":{"start":{"line":10,"column":24},"end":{"line":116,"column":1}}},"1":{"name":"(anonymous_9)","decl":{"start":{"line":25,"column":12},"end":{"line":25,"column":15}},"loc":{"start":{"line":25,"column":17},"end":{"line":34,"column":3}}},"2":{"name":"(anonymous_10)","decl":{"start":{"line":30,"column":22},"end":{"line":30,"column":31}},"loc":{"start":{"line":30,"column":33},"end":{"line":32,"column":6}}},"3":{"name":"(anonymous_11)","decl":{"start":{"line":30,"column":33},"end":{"line":30,"column":null}},"loc":{"start":{"line":30,"column":33},"end":{"line":32,"column":5}}},"4":{"name":"(anonymous_12)","decl":{"start":{"line":36,"column":34},"end":{"line":36,"column":null}},"loc":{"start":{"line":38,"column":6},"end":{"line":40,"column":3}}},"5":{"name":"(anonymous_13)","decl":{"start":{"line":42,"column":23},"end":{"line":42,"column":32}},"loc":{"start":{"line":42,"column":34},"end":{"line":44,"column":4}}},"6":{"name":"(anonymous_14)","decl":{"start":{"line":42,"column":34},"end":{"line":42,"column":null}},"loc":{"start":{"line":42,"column":34},"end":{"line":44,"column":3}}},"7":{"name":"(anonymous_15)","decl":{"start":{"line":46,"column":21},"end":{"line":46,"column":22}},"loc":{"start":{"line":46,"column":44},"end":{"line":50,"column":3}}},"8":{"name":"requestForServer","decl":{"start":{"line":52,"column":17},"end":{"line":52,"column":33}},"loc":{"start":{"line":52,"column":33},"end":{"line":70,"column":null}}},"9":{"name":"(anonymous_18)","decl":{"start":{"line":55,"column":28},"end":{"line":55,"column":29}},"loc":{"start":{"line":55,"column":41},"end":{"line":64,"column":7}}},"10":{"name":"(anonymous_19)","decl":{"start":{"line":58,"column":41},"end":{"line":58,"column":42}},"loc":{"start":{"line":59,"column":12},"end":{"line":59,"column":79}}},"11":{"name":"(anonymous_20)","decl":{"start":{"line":93,"column":23},"end":{"line":93,"column":26}},"loc":{"start":{"line":93,"column":29},"end":{"line":93,"column":61}}},"12":{"name":"(anonymous_21)","decl":{"start":{"line":99,"column":23},"end":{"line":99,"column":26}},"loc":{"start":{"line":99,"column":29},"end":{"line":99,"column":61}}}},"branchMap":{"0":{"loc":{"start":{"line":12,"column":16},"end":{"line":12,"column":56}},"type":"binary-expr","locations":[{"start":{"line":12,"column":16},"end":{"line":12,"column":50}},{"start":{"line":12,"column":54},"end":{"line":12,"column":56}}]},"1":{"loc":{"start":{"line":27,"column":4},"end":{"line":29,"column":5}},"type":"if","locations":[{"start":{"line":27,"column":4},"end":{"line":29,"column":5}}]},"2":{"loc":{"start":{"line":86,"column":7},"end":{"line":112,"column":null}},"type":"cond-expr","locations":[{"start":{"line":87,"column":8},"end":{"line":87,"column":48}},{"start":{"line":89,"column":8},"end":{"line":111,"column":null}}]}},"s":{"0":1,"1":1,"2":1,"3":1,"4":1,"5":1,"6":0,"7":0,"8":0,"9":0,"10":0,"11":0,"12":0,"13":0,"14":0,"15":0,"16":0,"17":0,"18":0,"19":0,"20":0,"21":0,"22":0,"23":0,"24":0,"25":0,"26":0,"27":0,"28":0,"29":0,"30":0,"31":0,"32":0,"33":0,"34":0,"35":0,"36":0,"37":0,"38":0,"39":1},"f":{"0":0,"1":0,"2":0,"3":0,"4":0,"5":0,"6":0,"7":0,"8":0,"9":0,"10":0,"11":0,"12":0},"b":{"0":[0,0],"1":[0],"2":[0,0]}}
,"D:\\popka\\React-2024-Q3\\react-rsschool\\src\\tests\\__ mocks __\\fetch.ts": {"path":"D:\\popka\\React-2024-Q3\\react-rsschool\\src\\tests\\__ mocks __\\fetch.ts","statementMap":{"0":{"start":{"line":1,"column":0},"end":{"line":1,"column":58}},"1":{"start":{"line":3,"column":18},"end":{"line":5,"column":2}},"2":{"start":{"line":4,"column":14},"end":{"line":4,"column":49}},"3":{"start":{"line":7,"column":0},"end":{"line":7,"column":25}}},"fnMap":{"0":{"name":"(anonymous_0)","decl":{"start":{"line":4,"column":8},"end":{"line":4,"column":11}},"loc":{"start":{"line":4,"column":14},"end":{"line":4,"column":49}}}},"branchMap":{},"s":{"0":1,"1":1,"2":0,"3":1},"f":{"0":0},"b":{}}
,"D:\\popka\\React-2024-Q3\\react-rsschool\\src\\tests\\__ mocks __\\fileMock.js": {"path":"D:\\popka\\React-2024-Q3\\react-rsschool\\src\\tests\\__ mocks __\\fileMock.js","statementMap":{"0":{"start":{"line":1,"column":0},"end":{"line":1,"column":34}}},"fnMap":{},"branchMap":{},"s":{"0":0},"f":{},"b":{}}
,"D:\\popka\\React-2024-Q3\\react-rsschool\\src\\tests\\__ mocks __\\mockPokemonDetails.ts": {"path":"D:\\popka\\React-2024-Q3\\react-rsschool\\src\\tests\\__ mocks __\\mockPokemonDetails.ts","statementMap":{"0":{"start":{"line":1,"column":13},"end":{"line":21,"column":4}}},"fnMap":{},"branchMap":{},"s":{"0":1},"f":{},"b":{}}
}
