TN:
SF:src\App.tsx
FN:8,App
FNF:1
FNH:1
FNDA:2,App
DA:2,1
DA:3,1
DA:4,1
DA:5,1
DA:6,1
DA:9,2
DA:21,1
LF:7
LH:7
BRF:0
BRH:0
end_of_record
TN:
SF:src\main.tsx
FNF:0
FNH:0
DA:1,0
DA:2,0
DA:3,0
DA:4,0
DA:6,0
LF:5
LH:0
BRF:0
BRH:0
end_of_record
TN:
SF:src\api\api.tsx
FN:3,Api
FN:23,(anonymous_9)
FN:31,(anonymous_10)
FNF:3
FNH:1
FNDA:1,Api
FNDA:0,(anonymous_9)
FNDA:0,(anonymous_10)
DA:5,1
DA:9,1
DA:17,1
DA:18,1
DA:23,0
DA:24,0
DA:25,0
DA:26,0
DA:27,0
DA:29,0
DA:30,0
DA:31,0
DA:33,0
DA:36,1
DA:37,1
DA:39,0
DA:42,1
LF:17
LH:7
BRDA:5,0,0,1
BRDA:5,0,1,0
BRF:2
BRH:1
end_of_record
TN:
SF:src\components\NotFoundPage.tsx
FN:3,NotFoundPage
FN:12,(anonymous_1)
FNF:2
FNH:0
FNDA:0,NotFoundPage
FNDA:0,(anonymous_1)
DA:1,1
DA:4,0
DA:5,0
DA:12,0
DA:21,1
LF:5
LH:2
BRF:0
BRH:0
end_of_record
TN:
SF:src\components\detailedPage.tsx
FN:7,DetailedPageComponent
FN:15,(anonymous_8)
FN:18,(anonymous_9)
FN:18,(anonymous_10)
FN:23,(anonymous_11)
FN:38,(anonymous_12)
FN:72,(anonymous_13)
FN:78,(anonymous_14)
FN:84,(anonymous_15)
FNF:9
FNH:0
FNDA:0,DetailedPageComponent
FNDA:0,(anonymous_8)
FNDA:0,(anonymous_9)
FNDA:0,(anonymous_10)
FNDA:0,(anonymous_11)
FNDA:0,(anonymous_12)
FNDA:0,(anonymous_13)
FNDA:0,(anonymous_14)
FNDA:0,(anonymous_15)
DA:1,1
DA:3,1
DA:4,1
DA:5,1
DA:8,0
DA:10,0
DA:11,0
DA:12,0
DA:13,0
DA:15,0
DA:16,0
DA:17,0
DA:18,0
DA:19,0
DA:20,0
DA:21,0
DA:23,0
DA:24,0
DA:26,0
DA:28,0
DA:31,0
DA:34,0
DA:35,0
DA:38,0
DA:39,0
DA:42,0
DA:73,0
DA:79,0
DA:85,0
DA:127,1
LF:30
LH:5
BRDA:34,0,0,0
BRDA:44,1,0,0
BRDA:44,1,1,0
BRDA:95,2,0,0
BRDA:95,2,1,0
BRDA:95,3,0,0
BRDA:95,3,1,0
BRDA:105,4,0,0
BRDA:105,4,1,0
BRDA:105,5,0,0
BRDA:105,5,1,0
BRDA:115,6,0,0
BRDA:115,6,1,0
BRDA:115,7,0,0
BRDA:115,7,1,0
BRF:15
BRH:0
end_of_record
TN:
SF:src\components\errorBoundary.tsx
FN:8,(anonymous_1)
FN:13,(anonymous_2)
FN:18,(anonymous_3)
FN:23,(anonymous_4)
FN:27,(anonymous_5)
FN:35,(anonymous_6)
FNF:6
FNH:0
FNDA:0,(anonymous_1)
FNDA:0,(anonymous_2)
FNDA:0,(anonymous_3)
FNDA:0,(anonymous_4)
FNDA:0,(anonymous_5)
FNDA:0,(anonymous_6)
DA:1,0
DA:4,0
DA:9,0
DA:10,0
DA:14,0
DA:15,0
DA:19,0
DA:20,0
DA:24,0
DA:28,0
DA:29,0
DA:35,0
DA:42,0
LF:13
LH:0
BRDA:28,0,0,0
BRF:1
BRH:0
end_of_record
TN:
SF:src\components\mainPage.tsx
FN:4,MainPageComponent
FN:8,(anonymous_2)
FNF:2
FNH:1
FNDA:2,MainPageComponent
FNDA:0,(anonymous_2)
DA:1,1
DA:2,1
DA:5,2
DA:8,1
DA:9,0
DA:11,1
DA:12,0
DA:15,1
DA:41,1
LF:9
LH:7
BRDA:11,0,0,0
BRF:1
BRH:0
end_of_record
TN:
SF:src\components\pokemosListPage.tsx
FN:4,PokemonListPage
FN:12,(anonymous_1)
FNF:2
FNH:1
FNDA:1,PokemonListPage
FNDA:0,(anonymous_1)
DA:1,1
DA:9,1
DA:13,0
DA:33,1
LF:4
LH:3
BRF:0
BRH:0
end_of_record
TN:
SF:src\components\search.tsx
FN:10,SearchComponent
FN:25,(anonymous_9)
FN:30,(anonymous_10)
FN:30,(anonymous_11)
FN:36,(anonymous_12)
FN:42,(anonymous_13)
FN:42,(anonymous_14)
FN:46,(anonymous_15)
FN:52,requestForServer
FN:55,(anonymous_18)
FN:58,(anonymous_19)
FN:93,(anonymous_20)
FN:99,(anonymous_21)
FNF:13
FNH:6
FNDA:3,SearchComponent
FNDA:1,(anonymous_9)
FNDA:1,(anonymous_10)
FNDA:1,(anonymous_11)
FNDA:0,(anonymous_12)
FNDA:0,(anonymous_13)
FNDA:0,(anonymous_14)
FNDA:0,(anonymous_15)
FNDA:1,requestForServer
FNDA:1,(anonymous_18)
FNDA:0,(anonymous_19)
FNDA:0,(anonymous_20)
FNDA:0,(anonymous_21)
DA:1,1
DA:2,1
DA:4,1
DA:5,1
DA:6,1
DA:8,1
DA:11,3
DA:19,2
DA:21,2
DA:25,2
DA:26,1
DA:27,1
DA:28,0
DA:30,1
DA:31,1
DA:33,1
DA:36,2
DA:39,0
DA:42,2
DA:43,0
DA:46,2
DA:47,0
DA:48,0
DA:49,0
DA:53,1
DA:54,1
DA:55,1
DA:56,1
DA:57,1
DA:59,0
DA:62,1
DA:63,1
DA:66,0
DA:68,1
DA:72,2
DA:93,0
DA:99,0
DA:118,1
LF:38
LH:28
BRDA:12,0,0,3
BRDA:12,0,1,3
BRDA:27,1,0,0
BRDA:86,2,0,1
BRDA:86,2,1,1
BRF:5
BRH:4
end_of_record
TN:
SF:src\tests\__ mocks __\fileMock.js
FNF:0
FNH:0
DA:1,0
LF:1
LH:0
BRF:0
BRH:0
end_of_record
